>>> Running mantis-ml config profiling ...
verbose: True
Config file: ../../conf/CKD_config.yaml
Output dir: ../../../out/CKD-example
Phenotype/Output dir: CKD-example
../../../out/CKD-example






-----------------   Assessing HPO filtering [config parameters: 'seed_include_terms']	-----------------

- Provided 'seed_include_terms':
['renal', 'kidney', 'nephro', 'glomerul', 'distal tubule']

>> Compiling HPO features...
Total HPO Genes associated with selected pattern: 627

┌──────────────────────────────┐
│••••• Selected HPO genes •••••│
└──────────────────────────────┘
['MKKS', 'USP9X', 'RBM10', 'SMC1A', 'ACTB', 'NAA10', 'ACTG1', 'ACTG2', 'LAGE3', 'ACTN4', 'AXIN2', 'BAP1', 'TTC8', 'ARID1B', 'JAG1', 'AGXT', 'NR0B1', 'WDR35', 'CC2D2A', 'AKT1', 'IFT80', 'ALDOB', 'LTBP4', 'ALPL', 'OFD1', 'PEX3', 'APC', 'ITGA8', 'ELP1', 'DGKE', 'APOA1', 'APOB', 'APOE', 'APRT', 'AQP2', 'AR', 'ABCC6', 'EPG5', 'WDR19', 'ARHGDIA', 'ARVCF', 'TP63', 'DCHS1', 'SIX5', 'SLC4A4', 'FXYD2', 'UBR1', 'ATP6V1B1', 'ATP7A', 'ATP7B', 'ATRX', 'AVPR2', 'B2M', 'BBS1', 'BBS2', 'BBS4', 'CCND1', 'PEX11B', 'SUCLG1', 'BCS1L', 'BRAF', 'BRCA2', 'SGPL1', 'BUB1B', 'C3', 'C4A', 'KYNU', 'CA2', 'CAD', 'BAZ1B', 'CASP10', 'CASR', 'AIP', 'SLC7A7', 'SERPINH1', 'CLDN10', 'CCND2', 'TBX18', 'USP8', 'SMC3', 'SCARB2', 'FIBP', 'CD151', 'CDC42', 'CDK6', 'LARGE1', 'CDKN1B', 'CDKN1C', 'H19-ICR', 'TMEM67', 'GCM2', 'CENPF', 'COPB2', 'CHD4', 'TRIP13', 'CHRM3', 'ERCC8', 'AP2S1', 'SLC9A3R1', 'CLCN5', 'CLCNKA', 'CLCNKB', 'GRHPR', 'DSTYK', 'RECQL4', 'PEX16', 'LMOD1', 'EIF2AK3', 'NIPBL', 'COL4A1', 'COL4A3', 'COL4A4', 'COL4A5', 'PIGL', 'COMT', 'SMARCAL1', 'COX6B1', 'COX8A', 'COX10', 'CPT1A', 'GABBR2', 'CPT2', 'GTF2IRD1', 'KANK2', 'CREBBP', 'PREPL', 'SH2B1', 'SLC22A12', 'MMACHC', 'SEC24C', 'ZNF592', 'TTC37', 'SETBP1', 'ATP6V0A4', 'IQCB1', 'CEP135', 'GEMIN4', 'CTLA4', 'NUP93', 'CTNS', 'CTNNB1', 'SEMA3E', 'COX20', 'LDLRAP1', 'TCTN3', 'IFT140', 'TRAF3IP1', 'PET100', 'CYP11A1', 'CYP11B1', 'IFT172', 'CYP11B2', 'CYP21A2', 'CYP24A1', 'KIAA0586', 'PTPN22', 'KEAP1', 'DCC', 'PHGDH', 'NSDHL', 'LRIG2', 'MAGI2', 'VPS33B', 'FGF20', 'WASHC5', 'DHCR7', 'DHODH', 'ARNT2', 'DKC1', 'KIF14', 'MAFB', 'RBM8A', 'AMMECR1', 'DMP1', 'DNA2', 'DNASE1L3', 'PCSK9', 'AKT3', 'TPRKB', 'COQ6', 'DVL1', 'DVL3', 'CCNQ', 'WDPCP', 'PHC1', 'ESCO2', 'SLC17A5', 'MLXIPL', 'TRIM28', 'SBDS', 'CEP83', 'BSCL2', 'ELN', 'CLDN19', 'C8ORF37', 'TBL2', 'EP300', 'CD96', 'COQ7', 'PLCE1', 'TACO1', 'ERBB3', 'SF3B4', 'ERCC6', 'CWC27', 'TMEM216', 'ETFA', 'ETFB', 'ETFDH', 'EYA1', 'FANCA', 'FANCC', 'FANCD2', 'FANCE', 'ARL6', 'ACSL4', 'FAH', 'FANCB', 'DACT1', 'DLC1', 'MBTPS2', 'FKTN', 'GPC4', 'FGA', 'FGF10', 'FGFR1', 'FGFR3', 'FGFR2', 'FH', 'SLC30A9', 'FOXG1', 'FOXF1', 'OPLAH', 'CRTAP', 'FLNA', 'FLNB', 'DCDC2', 'FBLN5', 'FN1', 'CISD2', 'AGPAT2', 'BBIP1', 'TMEM138', 'UQCC2', 'POMT1', 'TMEM107', 'APOPT1', 'PIGT', 'NPHP3', 'EBP', 'CLDN16', 'B9D1', 'BBS12', 'G6PC', 'SLC37A4', 'RAI1', 'INVS', 'RAB23', 'GALNT3', 'WDR4', 'NADK2', 'DZIP1L', 'SDCCAG8', 'GATA3', 'COQ2', 'BBS9', 'SLC26A1', 'FREM1', 'TXNL4A', 'PNPLA6', 'GLA', 'GPC3', 'MAGED2', 'GLI3', 'GLIS2', 'LIPT2', 'GNA11', 'GNAS', 'KCNQ1OT1', 'GP1BB', 'IFT27', 'B4GAT1', 'CIT', 'GSN', 'SLC7A9', 'MFSD2A', 'GTF2I', 'SLC49A4', 'WDR73', 'SEC63', 'HBB', 'RNF139', 'COX14', 'CFH', 'HGD', 'POU6F2', 'MNX1', 'HLA-DPA1', 'HLA-DPB1', 'DNAJC21', 'HPSE2', 'HNF4A', 'HOXA13', 'HOXD13', 'HPRT1', 'HPS1', 'HRAS', 'HSD3B2', 'HSD17B4', 'HSPA9', 'SLC34A3', 'CFI', 'IGF2', 'INSL3', 'ITGA6', 'ITGA3', 'ITGB4', 'ANOS1', 'KCNJ1', 'KCNJ10', 'KCNQ1', 'KRAS', 'LAMB2', 'LCAT', 'LDHA', 'LDLR', 'LETM1', 'LHX1', 'LIMK1', 'LMNA', 'LMX1B', 'LRP4', 'LRP5', 'LYZ', 'MAX', 'SLC6A19', 'MCM5', 'MDH2', 'MECP2', 'MEFV', 'MEN1', 'MET', 'KMT2A', 'MOCS1', 'MOCS2', 'RSPO2', 'FLCN', 'TRNE', 'TRNK', 'TRNL1', 'TRNN', 'TRNS1', 'TRNT', 'MUC1', 'TRIM37', 'MMUT', 'H19', 'MYH11', 'MYLK', 'MYO1E', 'MYO5B', 'NBN', 'NEK1', 'NFIA', 'BMPER', 'NOTCH2', 'NPHP1', 'NPHS1', 'NRAS', 'ROR2', 'OCRL', 'OGG1', 'KLLN', 'PRDX1', 'PAX2', 'PAX6', 'PBX1', 'PC', 'PCK1', 'PCK2', 'PDE6D', 'ENPP1', 'PEX1', 'PEX6', 'PEX10', 'PEX12', 'SOX18', 'PEX13', 'PEX14', 'WNT4', 'PGAM2', 'RNU4ATAC', 'PHEX', 'PIK3CA', 'ANLN', 'PIK3R2', 'PKD1', 'PKD2', 'ASPM', 'PKHD1', 'ALG8', 'PLCD1', 'PLD1', 'PLEC', 'PLG', 'PYCR2', 'SEC61A1', 'PMM2', 'POMT2', 'TAPT1', 'FKRP', 'EFEMP2', 'LZTFL1', 'POR', 'PPM1B', 'THOC6', 'KANSL1', 'PRCC', 'NEK8', 'SLC6A20', 'PRKCD', 'PRKCSH', 'FAM20A', 'PRODH', 'PRPS1', 'MASP1', 'AHI1', 'PRTN3', 'BCOR', 'PTEN', 'PTH1R', 'SLC36A2', 'MKS1', 'TMEM260', 'FREM2', 'PTPN11', 'SARS2', 'CEP120', 'PROKR2', 'SDHAF2', 'PTPRO', 'PEX19', 'PEX2', 'PEX5', 'CDC73', 'RMND1', 'TMEM231', 'WDR62', 'RAD21', 'RAD51C', 'FAT4', 'B3GLCT', 'MCPH1', 'DYNC2H1', 'GLIS3', 'WDR60', 'REN', 'REST', 'RET', 'RFC2', 'AAGAB', 'NARS2', 'BBS10', 'CEP55', 'SETD5', 'BBS7', 'FANCI', 'ARMC5', 'TTC21B', 'ROBO2', 'CAMKMT', 'YY1AP1', 'CSPP1', 'TCTN2', 'RPL26', 'COQ8B', 'RREB1', 'IFT43', 'GREB1L', 'SAA1', 'SALL1', 'SC5D', 'HOGA1', 'SCNN1A', 'SCNN1B', 'SCNN1G', 'SCO1', 'TP53RK', 'SDHA', 'SDHB', 'SDHC', 'SDHD', 'FRAS1', 'PUF60', 'CEP290', 'ARX', 'SHH', 'NTNG1', 'FUZ', 'SI', 'FASTKD2', 'CHD7', 'STIL', 'OSGEP', 'SIX1', 'TMEM127', 'CEP164', 'SLC2A2', 'PEX26', 'SLC3A1', 'SLC4A1', 'FAN1', 'CEP63', 'VIPAS39', 'PIEZO2', 'SLC12A1', 'SLC12A3', 'SLC34A1', 'TRIM32', 'XPNPEP3', 'CDK5RAP2', 'CEP152', 'IFT122', 'MAPKBP1', 'SNRPB', 'SON', 'ADCY10', 'SOX9', 'ANKS6', 'DIS3L2', 'CENPJ', 'CHST14', 'ZNF423', 'KIF1B', 'SRC', 'HDAC8', 'CDH23', 'SRP54', 'ANKLE2', 'STAR', 'STAT1', 'NUP205', 'LPIN1', 'CDKL5', 'STX3', 'GANAB', 'STXBP1', 'HYLS1', 'STRA6', 'TAF13', 'TALDO1', 'ABCG5', 'ABCG8', 'TBX1', 'ALG1', 'TBX15', 'NCAPD3', 'HNF1A', 'HNF1B', 'RPGRIP1L', 'TCN2', 'SOX17', 'NSD1', 'SPECC1L', 'BBS5', 'TFAP2A', 'DICER1', 'TFE3', 'GRIP1', 'B9D2', 'INF2', 'KAT6B', 'TP53', 'PIGN', 'LEMD3', 'CD2AP', 'TRPC6', 'KCNE5', 'TSC1', 'TSC2', 'TTR', 'HIRA', 'SHPK', 'UFD1', 'UMOD', 'COL14A1', 'KDM6A', 'VDR', 'VHL', 'WAS', 'CLIP2', 'WFS1', 'NSD2', 'NELFA', 'INPP5E', 'WNT3', 'WNT5A', 'WT1', 'PORCN', 'XDH', 'XRCC4', 'ZIC3', 'CRB2', 'ZNF148', 'TMEM237', 'VPS33A', 'CFHR5', 'NPHP4', 'MRPS22', 'BSND', 'NPHS2', 'ALMS1', 'CPLANE1', 'COA7', 'KNL1', 'RPGRIP1', 'PDSS2', 'WDR34', 'NUP107', 'SALL4', 'JMJD1C', 'NLRP3', 'FGF23', 'KMT2D', 'VANGL1', 'CCBE1', 'SASS6']

┌─────────────────────────────────────────────────┐
│••••• Selected HPO disease-associated terms •••••│
└─────────────────────────────────────────────────┘
['Abnormal localization of kidney', 'Abnormal renal corticomedullary differentiation', 'Abnormal renal morphology', 'Abnormal renal physiology', 'Abnormality of renal excretion', 'Abnormality of the kidney', 'Abnormality of the renal collecting system', 'Abnormality of the renal tubule', 'Absence of renal corticomedullary differentiation', 'Acute kidney injury', 'Bicarbonate-wasting renal tubular acidosis', 'Bilateral renal hypoplasia', 'Calcium nephrolithiasis', 'Calcium oxalate nephrolithiasis', 'Chronic kidney disease', 'Congenital nephrotic syndrome', 'Crossed fused renal ectopia', 'Cystic renal dysplasia', 'Decreased glomerular filtration rate', 'Decreased numbers of nephrons', 'Decreased renal tubular phosphate excretion', 'Diffuse glomerular basement membrane lamellation', 'Distal renal tubular acidosis', 'Duplication of renal pelvis', 'Ectopic kidney', 'Enlarged kidney', 'Focal segmental glomerulosclerosis', 'Global glomerulosclerosis', 'Glomerular subendothelial electron-dense deposits', 'Glomerulonephritis', 'Glomerulopathy', 'Glomerulosclerosis', 'Horseshoe kidney', 'Hydronephrosis', 'Hyperechogenic kidneys', 'Impaired renal concentrating ability', 'Impaired renal uric acid clearance', 'Increased renal tubular phosphate reabsorption', 'Medullary nephrocalcinosis', 'Membranoproliferative glomerulonephritis', 'Membranous nephropathy', 'Minimal change glomerulonephritis', 'Multicystic kidney dysplasia', 'Multiple glomerular cysts', 'Multiple renal cysts', 'Multiple small medullary renal cysts', 'Nephroblastoma', 'Nephroblastomatosis', 'Nephrocalcinosis', 'Nephrogenic diabetes insipidus', 'Nephrogenic rest', 'Nephrolithiasis', 'Nephronophthisis', 'Nephropathy', 'Nephrosclerosis', 'Nephrotic syndrome', 'Papillary renal cell carcinoma', 'Parathormone-independent increased renal tubular calcium reabsorption', 'Pelvic kidney', 'Polycystic kidney dysplasia', 'Proximal renal tubular acidosis', 'Reduced renal corticomedullary differentiation', 'Renal Fanconi syndrome', 'Renal agenesis', 'Renal aminoaciduria', 'Renal amyloidosis', 'Renal angiomyolipoma', 'Renal artery stenosis', 'Renal calcium wasting', 'Renal cell carcinoma', 'Renal cortical adenoma', 'Renal cortical atrophy', 'Renal cortical cysts', 'Renal cortical microcysts', 'Renal corticomedullary cysts', 'Renal cyst', 'Renal diverticulum', 'Renal duplication', 'Renal dysplasia', 'Renal hamartoma', 'Renal hypophosphatemia', 'Renal hypoplasia', 'Renal hypoplasia/aplasia', 'Renal insufficiency', 'Renal juxtaglomerular cell hypertrophy/hyperplasia', 'Renal magnesium wasting', 'Renal malrotation', 'Renal neoplasm', 'Renal phosphate wasting', 'Renal potassium wasting', 'Renal salt wasting', 'Renal sarcoma', 'Renal sodium wasting', 'Renal steatosis', 'Renal tubular acidosis', 'Renal tubular dysfunction', 'Stage 5 chronic kidney disease', 'Steroid-resistant nephrotic syndrome', 'Thickening of the glomerular basement membrane', 'Thin glomerular basement membrane', 'Unilateral renal agenesis', 'Uric acid nephrolithiasis', 'Xanthine nephrolithiasis']

• Most common strings in filtered HPO phenotype terms:
renal: 58
kidney: 11
tubular: 8
glomerular: 6
wasting: 6
cysts: 5
nephrolithiasis: 5
dysplasia: 4
syndrome: 4
acidosis: 4
calcium: 4
abnormal: 4
abnormality: 4
cortical: 4
corticomedullary: 4
glomerulosclerosis: 3
glomerulonephritis: 3
nephrotic: 3
cell: 3
multiple: 3
decreased: 3
basement: 3
membrane: 3
phosphate: 3
differentiation: 3
hypoplasia: 2
nephropathy: 2
carcinoma: 2
medullary: 2
nephrocalcinosis: 2
agenesis: 2
nephrogenic: 2
chronic: 2
disease: 2
increased: 2
reabsorption: 2
uric: 2
acid: 2
excretion: 2
duplication: 2
impaired: 2






-----------------	Assessing GTEx filtering [config parameters: 'tissue' and 'additional_tissues']	-----------------


- Provided 'seed_include_terms':
['renal', 'kidney', 'nephro', 'glomerul', 'distal tubule']

- Provided 'additional_include_terms':
[]

Available GTEx tissues:
['Adipose - Subcutaneous', 'Adipose - Visceral (Omentum)', 'Adrenal Gland', 'Artery - Aorta', 'Artery - Coronary', 'Artery - Tibial', 'Bladder', 'Brain - Amygdala', 'Brain - Anterior cingulate cortex (BA24)', 'Brain - Caudate (basal ganglia)', 'Brain - Cerebellar Hemisphere', 'Brain - Cerebellum', 'Brain - Cortex', 'Brain - Frontal Cortex (BA9)', 'Brain - Hippocampus', 'Brain - Hypothalamus', 'Brain - Nucleus accumbens (basal ganglia)', 'Brain - Putamen (basal ganglia)', 'Brain - Spinal cord (cervical c-1)', 'Brain - Substantia nigra', 'Breast - Mammary Tissue', 'Cells - EBV-transformed lymphocytes', 'Cells - Transformed fibroblasts', 'Cervix - Ectocervix', 'Cervix - Endocervix', 'Colon - Sigmoid', 'Colon - Transverse', 'Esophagus - Gastroesophageal Junction', 'Esophagus - Mucosa', 'Esophagus - Muscularis', 'Fallopian Tube', 'Gene_Name', 'Heart - Atrial Appendage', 'Heart - Left Ventricle', 'Kidney - Cortex', 'Liver', 'Lung', 'Minor Salivary Gland', 'Muscle - Skeletal', 'Nerve - Tibial', 'Ovary', 'Pancreas', 'Pituitary', 'Prostate', 'Skin - Not Sun Exposed (Suprapubic)', 'Skin - Sun Exposed (Lower leg)', 'Small Intestine - Terminal Ileum', 'Spleen', 'Stomach', 'Testis', 'Thyroid', 'Uterus', 'Vagina', 'Whole Blood', 'gene_id']

┌─────────────────────────────────┐
│••••• Selected GTEx tissues •••••│
└─────────────────────────────────┘
['Kidney - Cortex']






-----------------	Assessing Protein Atlas filtering [config parameters: 'tissue', 'seed_include_terms', 'additional_include_terms']	-----------------

- Provided 'tissue':

- Provided 'seed_include_terms':
['renal', 'kidney', 'nephro', 'glomerul', 'distal tubule']

- Provided 'additional_include_terms':
[]

Available tissues (normal_tissue.tsv.gz data):
['adrenal gland', 'appendix', 'bone marrow', 'breast', 'bronchus', 'caudate', 'cerebellum', 'cerebral cortex', 'cervix, uterine', 'choroid plexus', 'colon', 'duodenum', 'endometrium 1', 'endometrium 2', 'epididymis', 'esophagus', 'eye', 'fallopian tube', 'gallbladder', 'hair', 'heart muscle', 'hippocampus', 'hypothalamus', 'kidney', 'lactating breast', 'liver', 'lung', 'lymph node', 'nasopharynx', 'oral mucosa', 'ovary', 'pancreas', 'parathyroid gland', 'pituitary gland', 'placenta', 'prostate', 'rectum', 'retina', 'salivary gland', 'seminal vesicle', 'skeletal muscle', 'skin', 'skin 1', 'skin 2', 'small intestine', 'smooth muscle', 'soft tissue 1', 'soft tissue 2', 'sole of foot', 'spleen', 'stomach 1', 'stomach 2', 'testis', 'thymus', 'thyroid gland', 'tonsil', 'urinary bladder', 'vagina']

┌──────────────────────────────────────────────────────────────────────┐
│••••• Selected tissues from Protein Atlas (normal_tissue.tsv.gz) •••••│
└──────────────────────────────────────────────────────────────────────┘
['kidney']

Available samples (rna_tissue.tsv.gz data):
['adipose tissue', 'adrenal gland', 'appendix', 'bone marrow', 'breast', 'cerebral cortex', 'cervix, uterine', 'colon', 'duodenum', 'endometrium', 'epididymis', 'esophagus', 'fallopian tube', 'gallbladder', 'heart muscle', 'kidney', 'liver', 'lung', 'lymph node', 'ovary', 'pancreas', 'parathyroid gland', 'placenta', 'prostate', 'rectum', 'salivary gland', 'seminal vesicle', 'skeletal muscle', 'skin', 'small intestine', 'smooth muscle', 'spleen', 'stomach', 'testis', 'thyroid gland', 'tonsil', 'urinary bladder']

┌───────────────────────────────────────────────────────────────────┐
│••••• Selected samples from Protein Atlas (rna_tissue.tsv.gz) •••••│
└───────────────────────────────────────────────────────────────────┘
['kidney']






-----------------	Assessing MSigDB filtering [config parameters: 'tissue', 'seed_include_terms', 'additional_include_terms']	-----------------


- Provided 'seed_include_terms':
['renal', 'kidney', 'nephro', 'glomerul', 'distal tubule']

- Provided 'additional_include_terms':
[]

┌──────────────────────────────────────────────────────┐
│••••• Selected Gene Ontology terms (from MSigDB) •••••│
└──────────────────────────────────────────────────────┘
['GO_CELL_DIFFERENTIATION_INVOLVED_IN_KIDNEY_DEVELOPMENT', 'GO_CELL_DIFFERENTIATION_INVOLVED_IN_METANEPHROS_DEVELOPMENT', 'GO_EPITHELIAL_CELL_DIFFERENTIATION_INVOLVED_IN_KIDNEY_DEVELOPMENT', 'GO_GLOMERULAR_EPITHELIUM_DEVELOPMENT', 'GO_GLOMERULUS_DEVELOPMENT', 'GO_KIDNEY_EPITHELIUM_DEVELOPMENT', 'GO_KIDNEY_MESENCHYME_DEVELOPMENT', 'GO_KIDNEY_MORPHOGENESIS', 'GO_MESONEPHROS_DEVELOPMENT', 'GO_METANEPHRIC_NEPHRON_DEVELOPMENT', 'GO_METANEPHRIC_NEPHRON_MORPHOGENESIS', 'GO_METANEPHRIC_RENAL_VESICLE_MORPHOGENESIS', 'GO_METANEPHROS_DEVELOPMENT', 'GO_METANEPHROS_MORPHOGENESIS', 'GO_NEGATIVE_REGULATION_OF_KIDNEY_DEVELOPMENT', 'GO_NEPHRON_DEVELOPMENT', 'GO_NEPHRON_EPITHELIUM_DEVELOPMENT', 'GO_NEPHRON_TUBULE_FORMATION', 'GO_POSITIVE_REGULATION_OF_KIDNEY_DEVELOPMENT', 'GO_POSITIVE_REGULATION_OF_MESONEPHROS_DEVELOPMENT', 'GO_POSITIVE_REGULATION_OF_METANEPHROS_DEVELOPMENT', 'GO_POSITIVE_REGULATION_OF_RENAL_SODIUM_EXCRETION', 'GO_REGULATION_OF_CELL_PROLIFERATION_INVOLVED_IN_KIDNEY_DEVELOPMENT', 'GO_REGULATION_OF_EPITHELIAL_CELL_DIFFERENTIATION_INVOLVED_IN_KIDNEY_DEVELOPMENT', 'GO_REGULATION_OF_GLOMERULAR_FILTRATION', 'GO_REGULATION_OF_GLOMERULUS_DEVELOPMENT', 'GO_REGULATION_OF_KIDNEY_DEVELOPMENT', 'GO_REGULATION_OF_MESONEPHROS_DEVELOPMENT', 'GO_REGULATION_OF_METANEPHROS_DEVELOPMENT', 'GO_REGULATION_OF_RENAL_SODIUM_EXCRETION', 'GO_REGULATION_OF_RENAL_SYSTEM_PROCESS', 'GO_RENAL_ABSORPTION', 'GO_RENAL_FILTRATION', 'GO_RENAL_SYSTEM_PROCESS', 'GO_RENAL_SYSTEM_PROCESS_INVOLVED_IN_REGULATION_OF_BLOOD_VOLUME', 'GO_RENAL_SYSTEM_PROCESS_INVOLVED_IN_REGULATION_OF_SYSTEMIC_ARTERIAL_BLOOD_PRESSURE', 'GO_RENAL_SYSTEM_VASCULATURE_DEVELOPMENT', 'GO_RENAL_TUBULE_DEVELOPMENT', 'GO_RENAL_VESICLE_DEVELOPMENT', 'GO_RENAL_WATER_HOMEOSTASIS']






-----------------	Assessing MGI filtering [config parameters: 'seed_include_terms', 'additional_include_terms']	-----------------

- Provided 'seed_include_terms':
['renal', 'kidney', 'nephro', 'glomerul', 'distal tubule']

- Provided 'additional_include_terms':
[]

┌───────────────────────────────────┐
│••••• Selected MGI phenotypes •••••│
└───────────────────────────────────┘
['renal/urinary system phenotype']


<<< mantis-ml config profiling complete.
